Copyright 1986-2022 Xilinx, Inc. All Rights Reserved. Copyright 2022-2023 Advanced Micro Devices, Inc. All Rights Reserved.
---------------------------------------------------------------------------------------------------------------------------------------------
| Tool Version : Vivado v.2023.1 (win64) Build 3865809 Sun May  7 15:05:29 MDT 2023
| Date         : Wed Apr 22 14:55:40 2026
| Host         : DESKTOP-M976CGD running 64-bit major release  (build 9200)
| Command      : report_control_sets -verbose -file top_control_sets_placed.rpt
| Design       : top
| Device       : xc7a35t
---------------------------------------------------------------------------------------------------------------------------------------------

Control Set Information

Table of Contents
-----------------
1. Summary
2. Histogram
3. Flip-Flop Distribution
4. Detailed Control Set Information

1. Summary
----------

+----------------------------------------------------------+-------+
|                          Status                          | Count |
+----------------------------------------------------------+-------+
| Total control sets                                       |    54 |
|    Minimum number of control sets                        |    54 |
|    Addition due to synthesis replication                 |     0 |
|    Addition due to physical synthesis replication        |     0 |
| Unused register locations in slices containing registers |    85 |
+----------------------------------------------------------+-------+
* Control sets can be merged at opt_design using control_set_merge or merge_equivalent_drivers
** Run report_qor_suggestions for automated merging and remapping suggestions


2. Histogram
------------

+--------------------+-------+
|       Fanout       | Count |
+--------------------+-------+
| Total control sets |    54 |
| >= 0 to < 4        |     1 |
| >= 4 to < 6        |     8 |
| >= 6 to < 8        |     0 |
| >= 8 to < 10       |     4 |
| >= 10 to < 12      |     4 |
| >= 12 to < 14      |     0 |
| >= 14 to < 16      |     0 |
| >= 16              |    37 |
+--------------------+-------+
* Control sets can be remapped at either synth_design or opt_design


3. Flip-Flop Distribution
-------------------------

+--------------+-----------------------+------------------------+-----------------+--------------+
| Clock Enable | Synchronous Set/Reset | Asynchronous Set/Reset | Total Registers | Total Slices |
+--------------+-----------------------+------------------------+-----------------+--------------+
| No           | No                    | No                     |               1 |            1 |
| No           | No                    | Yes                    |              22 |            7 |
| No           | Yes                   | No                     |              62 |           19 |
| Yes          | No                    | No                     |               0 |            0 |
| Yes          | No                    | Yes                    |            2320 |          860 |
| Yes          | Yes                   | No                     |            1502 |          375 |
+--------------+-----------------------+------------------------+-----------------+--------------+


4. Detailed Control Set Information
-----------------------------------

+----------------+-------------------------------------------------------------------+------------------------------------+------------------+----------------+--------------+
|  Clock Signal  |                           Enable Signal                           |          Set/Reset Signal          | Slice Load Count | Bel Load Count | Bels / Slice |
+----------------+-------------------------------------------------------------------+------------------------------------+------------------+----------------+--------------+
|  clk_IBUF_BUFG |                                                                   |                                    |                1 |              1 |         1.00 |
|  clk_IBUF_BUFG | u_aes_ctrl/E[0]                                                   | rst_btn_IBUF                       |                2 |              4 |         2.00 |
|  clk_IBUF_BUFG | u_aes_ctrl/aes_inst/enc_block/round_ctr_we                        | rst_btn_IBUF                       |                2 |              4 |         2.00 |
|  clk_IBUF_BUFG | u_uart_rx/key_byte_cnt_reg[3][0]                                  | rst_btn_IBUF                       |                2 |              4 |         2.00 |
|  clk_IBUF_BUFG | status_led[3]_i_1_n_0                                             | rst_btn_IBUF                       |                1 |              4 |         4.00 |
|  clk_IBUF_BUFG | u_aes_ctrl/aes_inst/keymem/FSM_onehot_key_mem_ctrl_reg[3]_i_1_n_0 | rst_btn_IBUF                       |                1 |              4 |         4.00 |
|  clk_IBUF_BUFG | u_aes_ctrl/aes_inst/dec_block/round_ctr_we                        | rst_btn_IBUF                       |                3 |              4 |         1.33 |
|  clk_IBUF_BUFG | u_aes_ctrl/aes_inst/keymem/round_ctr_we                           | rst_btn_IBUF                       |                2 |              4 |         2.00 |
|  clk_IBUF_BUFG | u_uart_tx/E[0]                                                    | rst_btn_IBUF                       |                2 |              4 |         2.00 |
|  clk_IBUF_BUFG | u_uart_tx/FSM_sequential_sys_state_reg[2]_1[0]                    | rst_btn_IBUF                       |                6 |              8 |         1.33 |
|  clk_IBUF_BUFG | u_uart_tx/FSM_sequential_sys_state_reg[2]                         | rst_btn_IBUF                       |                3 |              8 |         2.67 |
|  clk_IBUF_BUFG | u_uart_rx/data_out[7]_i_1_n_0                                     | rst_btn_IBUF                       |                2 |              8 |         4.00 |
|  clk_IBUF_BUFG | u_uart_tx/tx_shift                                                | rst_btn_IBUF                       |                2 |              8 |         4.00 |
|  clk_IBUF_BUFG | u_uart_tx/FSM_sequential_sys_state_reg[1][0]                      | rst_btn_IBUF                       |                3 |             10 |         3.33 |
|  clk_IBUF_BUFG | u_uart_tx/FSM_sequential_sys_state_reg[2]_0[0]                    | rst_btn_IBUF                       |                3 |             10 |         3.33 |
|  clk_IBUF_BUFG | u_aes_ctrl/FSM_sequential_sys_state_reg[0]_rep__1[0]              | rst_btn_IBUF                       |                3 |             10 |         3.33 |
|  clk_IBUF_BUFG | u_pixel_buffer/FSM_sequential_sys_state_reg[0]_rep__1[0]          | rst_btn_IBUF                       |                3 |             10 |         3.33 |
|  clk_IBUF_BUFG | u_uart_tx/clk_cnt[15]_i_1__0_n_0                                  | rst_btn_IBUF                       |                3 |             16 |         5.33 |
|  clk_IBUF_BUFG | u_aes_ctrl/aes_inst/enc_block/block_w0_we                         | rst_btn_IBUF                       |               29 |             32 |         1.10 |
|  clk_IBUF_BUFG | u_aes_ctrl/aes_inst/enc_block/block_w1_we                         | rst_btn_IBUF                       |               27 |             32 |         1.19 |
|  clk_IBUF_BUFG | u_aes_ctrl/aes_inst/enc_block/block_w2_we                         | rst_btn_IBUF                       |               24 |             32 |         1.33 |
|  clk_IBUF_BUFG | u_aes_ctrl/aes_inst/enc_block/block_w3_we                         | rst_btn_IBUF                       |               24 |             32 |         1.33 |
|  clk_IBUF_BUFG | u_aes_ctrl/aes_inst/dec_block/block_w1_we                         | rst_btn_IBUF                       |               22 |             32 |         1.45 |
|  clk_IBUF_BUFG | u_aes_ctrl/aes_inst/dec_block/block_w0_we                         | rst_btn_IBUF                       |               24 |             32 |         1.33 |
|  clk_IBUF_BUFG | u_aes_ctrl/aes_inst/dec_block/block_w2_we                         | rst_btn_IBUF                       |               23 |             32 |         1.39 |
|  clk_IBUF_BUFG | u_aes_ctrl/aes_inst/dec_block/block_w3_we                         | rst_btn_IBUF                       |               20 |             32 |         1.60 |
|  clk_IBUF_BUFG |                                                                   | rst_btn_IBUF                       |               26 |             84 |         3.23 |
|  clk_IBUF_BUFG | u_uart_rx/FSM_sequential_sys_state_reg[3][0]                      | rst_btn_IBUF                       |               20 |            120 |         6.00 |
|  clk_IBUF_BUFG | u_uart_rx/data_valid_reg_0[0]                                     | u_pixel_buffer/byte_cnt[3]_i_1_n_0 |               29 |            124 |         4.28 |
|  clk_IBUF_BUFG | u_aes_ctrl/aes_inst/keymem/key_mem[12][127]_i_1_n_0               | rst_btn_IBUF                       |               42 |            128 |         3.05 |
|  clk_IBUF_BUFG | u_aes_ctrl/aes_inst/keymem/key_mem[11][127]_i_1_n_0               | rst_btn_IBUF                       |               41 |            128 |         3.12 |
|  clk_IBUF_BUFG | u_aes_ctrl/aes_inst/keymem/key_mem[13][127]_i_1_n_0               | rst_btn_IBUF                       |               36 |            128 |         3.56 |
|  clk_IBUF_BUFG | u_aes_ctrl/aes_inst/keymem/key_mem[2][127]_i_1_n_0                | rst_btn_IBUF                       |               36 |            128 |         3.56 |
|  clk_IBUF_BUFG | u_aes_ctrl/aes_inst/keymem/key_mem[4][127]_i_1_n_0                | rst_btn_IBUF                       |               29 |            128 |         4.41 |
|  clk_IBUF_BUFG | u_aes_ctrl/aes_inst/keymem/key_mem[8][127]_i_1_n_0                | rst_btn_IBUF                       |               44 |            128 |         2.91 |
|  clk_IBUF_BUFG | u_aes_ctrl/aes_inst/keymem/key_mem[9][127]_i_1_n_0                | rst_btn_IBUF                       |               64 |            128 |         2.00 |
|  clk_IBUF_BUFG | u_aes_ctrl/aes_inst/keymem/key_mem[3][127]_i_1_n_0                | rst_btn_IBUF                       |               48 |            128 |         2.67 |
|  clk_IBUF_BUFG | u_aes_ctrl/aes_inst/keymem/round_ctr_inc                          | rst_btn_IBUF                       |               49 |            128 |         2.61 |
|  clk_IBUF_BUFG | u_aes_ctrl/aes_inst/keymem/key_mem[6][127]_i_1_n_0                | rst_btn_IBUF                       |               35 |            128 |         3.66 |
|  clk_IBUF_BUFG | u_aes_ctrl/aes_inst/keymem/key_mem[5][127]_i_1_n_0                | rst_btn_IBUF                       |               32 |            128 |         4.00 |
|  clk_IBUF_BUFG | stored_key_reg[127]_i_1_n_0                                       | rst_btn_IBUF                       |               26 |            128 |         4.92 |
|  clk_IBUF_BUFG | u_aes_ctrl/aes_inst/keymem/key_mem[1][127]_i_1_n_0                | rst_btn_IBUF                       |               34 |            128 |         3.76 |
|  clk_IBUF_BUFG | u_aes_ctrl/done_reg_0[0]                                          | rst_btn_IBUF                       |               30 |            128 |         4.27 |
|  clk_IBUF_BUFG | u_uart_rx/E[0]                                                    | rst_btn_IBUF                       |               34 |            128 |         3.76 |
|  clk_IBUF_BUFG | u_aes_ctrl/aes_inst/keymem/key_mem[14][127]_i_1_n_0               | rst_btn_IBUF                       |               44 |            128 |         2.91 |
|  clk_IBUF_BUFG | u_aes_ctrl/aes_inst/keymem/key_mem[7][127]_i_1_n_0                | rst_btn_IBUF                       |               57 |            128 |         2.25 |
|  clk_IBUF_BUFG | u_aes_ctrl/aes_inst/keymem/key_mem                                | rst_btn_IBUF                       |               32 |            128 |         4.00 |
|  clk_IBUF_BUFG | u_aes_ctrl/aes_inst/keymem/key_mem[10][127]_i_1_n_0               | rst_btn_IBUF                       |               36 |            128 |         3.56 |
|  clk_IBUF_BUFG | u_aes_ctrl/FSM_sequential_sys_state_reg[2][0]                     | rst_btn_IBUF                       |               37 |            128 |         3.46 |
|  clk_IBUF_BUFG | u_aes_ctrl/aes_inst/E[0]                                          | rst_btn_IBUF                       |               29 |            128 |         4.41 |
|  clk_IBUF_BUFG | u_pixel_buffer/block_out[127]_i_1_n_0                             | u_pixel_buffer/byte_cnt[3]_i_1_n_0 |               32 |            128 |         4.00 |
|  clk_IBUF_BUFG | u_uart_tx/stream_rd_pending_reg[0]                                | rst_btn_IBUF                       |               27 |            128 |         4.74 |
|  clk_IBUF_BUFG | u_aes_ctrl/block_reg[127]_i_1_n_0                                 | rst_btn_IBUF                       |               41 |            129 |         3.15 |
|  clk_IBUF_BUFG | u_pixel_buffer/E[0]                                               | rst_btn_IBUF                       |               35 |            129 |         3.69 |
+----------------+-------------------------------------------------------------------+------------------------------------+------------------+----------------+--------------+


