Copyright 1986-2022 Xilinx, Inc. All Rights Reserved. Copyright 2022-2023 Advanced Micro Devices, Inc. All Rights Reserved.
---------------------------------------------------------------------------------------------------------------------------------------------
| Tool Version : Vivado v.2023.1 (win64) Build 3865809 Sun May  7 15:05:29 MDT 2023
| Date         : Mon Apr  6 16:51:00 2026
| Host         : DESKTOP-M976CGD running 64-bit major release  (build 9200)
| Command      : report_control_sets -verbose -file top_control_sets_placed.rpt
| Design       : top
| Device       : xc7a35ti
---------------------------------------------------------------------------------------------------------------------------------------------

Control Set Information

Table of Contents
-----------------
1. Summary
2. Histogram
3. Flip-Flop Distribution
4. Detailed Control Set Information

1. Summary
----------

+----------------------------------------------------------+-------+
|                          Status                          | Count |
+----------------------------------------------------------+-------+
| Total control sets                                       |    45 |
|    Minimum number of control sets                        |    45 |
|    Addition due to synthesis replication                 |     0 |
|    Addition due to physical synthesis replication        |     0 |
| Unused register locations in slices containing registers |    63 |
+----------------------------------------------------------+-------+
* Control sets can be merged at opt_design using control_set_merge or merge_equivalent_drivers
** Run report_qor_suggestions for automated merging and remapping suggestions


2. Histogram
------------

+--------------------+-------+
|       Fanout       | Count |
+--------------------+-------+
| Total control sets |    45 |
| >= 0 to < 4        |     1 |
| >= 4 to < 6        |     5 |
| >= 6 to < 8        |     0 |
| >= 8 to < 10       |     3 |
| >= 10 to < 12      |     3 |
| >= 12 to < 14      |     0 |
| >= 14 to < 16      |     0 |
| >= 16              |    33 |
+--------------------+-------+
* Control sets can be remapped at either synth_design or opt_design


3. Flip-Flop Distribution
-------------------------

+--------------+-----------------------+------------------------+-----------------+--------------+
| Clock Enable | Synchronous Set/Reset | Asynchronous Set/Reset | Total Registers | Total Slices |
+--------------+-----------------------+------------------------+-----------------+--------------+
| No           | No                    | No                     |               0 |            0 |
| No           | No                    | Yes                    |              22 |           10 |
| No           | Yes                   | No                     |              56 |           16 |
| Yes          | No                    | No                     |               0 |            0 |
| Yes          | No                    | Yes                    |            2320 |          994 |
| Yes          | Yes                   | No                     |             971 |          218 |
+--------------+-----------------------+------------------------+-----------------+--------------+


4. Detailed Control Set Information
-----------------------------------

+----------------+-------------------------------------------------------------------+------------------+------------------+----------------+--------------+
|  Clock Signal  |                           Enable Signal                           | Set/Reset Signal | Slice Load Count | Bel Load Count | Bels / Slice |
+----------------+-------------------------------------------------------------------+------------------+------------------+----------------+--------------+
|  clk_IBUF_BUFG | u_uart_tx/E[0]                                                    | rst_btn_IBUF     |                1 |              3 |         3.00 |
|  clk_IBUF_BUFG | u_aes_ctrl/aes_inst/enc_block/round_ctr_we                        | rst_btn_IBUF     |                1 |              4 |         4.00 |
|  clk_IBUF_BUFG | u_aes_ctrl/FSM_sequential_sys_state_reg[0]_1[0]                   | rst_btn_IBUF     |                1 |              4 |         4.00 |
|  clk_IBUF_BUFG | u_aes_ctrl/aes_inst/dec_block/dec_ctrl_new[0]                     | rst_btn_IBUF     |                1 |              4 |         4.00 |
|  clk_IBUF_BUFG | u_aes_ctrl/aes_inst/keymem/FSM_onehot_key_mem_ctrl_reg[3]_i_1_n_0 | rst_btn_IBUF     |                1 |              4 |         4.00 |
|  clk_IBUF_BUFG | u_aes_ctrl/aes_inst/keymem/round_ctr_we                           | rst_btn_IBUF     |                1 |              4 |         4.00 |
|  clk_IBUF_BUFG | u_uart_tx/tx_send_reg[0]                                          | rst_btn_IBUF     |                3 |              8 |         2.67 |
|  clk_IBUF_BUFG | u_uart_tx/tx_shift                                                | rst_btn_IBUF     |                2 |              8 |         4.00 |
|  clk_IBUF_BUFG | u_uart_rx/data_valid_i_1_n_0                                      | rst_btn_IBUF     |                2 |              8 |         4.00 |
|  clk_IBUF_BUFG | wr_addr[9]_i_1_n_0                                                | rst_btn_IBUF     |                2 |             10 |         5.00 |
|  clk_IBUF_BUFG | u_uart_tx/FSM_sequential_sys_state_reg[0][0]                      | rst_btn_IBUF     |                3 |             10 |         3.33 |
|  clk_IBUF_BUFG | u_aes_ctrl/FSM_sequential_sys_state_reg[0]_2[0]                   | rst_btn_IBUF     |                2 |             10 |         5.00 |
|  clk_IBUF_BUFG | u_uart_tx/clk_cnt                                                 | rst_btn_IBUF     |                6 |             16 |         2.67 |
|  clk_IBUF_BUFG | u_aes_ctrl/aes_inst/dec_block/block_w0_we                         | rst_btn_IBUF     |               26 |             32 |         1.23 |
|  clk_IBUF_BUFG | u_aes_ctrl/aes_inst/enc_block/block_w0_we                         | rst_btn_IBUF     |               26 |             32 |         1.23 |
|  clk_IBUF_BUFG | u_aes_ctrl/aes_inst/enc_block/block_w1_we                         | rst_btn_IBUF     |               24 |             32 |         1.33 |
|  clk_IBUF_BUFG | u_aes_ctrl/aes_inst/enc_block/block_w2_we                         | rst_btn_IBUF     |               29 |             32 |         1.10 |
|  clk_IBUF_BUFG | u_aes_ctrl/aes_inst/dec_block/block_w2_we                         | rst_btn_IBUF     |               25 |             32 |         1.28 |
|  clk_IBUF_BUFG | u_aes_ctrl/aes_inst/dec_block/block_w3_we                         | rst_btn_IBUF     |               24 |             32 |         1.33 |
|  clk_IBUF_BUFG | u_aes_ctrl/aes_inst/enc_block/block_w3_we                         | rst_btn_IBUF     |               24 |             32 |         1.33 |
|  clk_IBUF_BUFG | u_aes_ctrl/aes_inst/dec_block/block_w1_we                         | rst_btn_IBUF     |               23 |             32 |         1.39 |
|  clk_IBUF_BUFG |                                                                   | rst_btn_IBUF     |               26 |             78 |         3.00 |
|  clk_IBUF_BUFG | u_uart_rx/data_valid_reg_0[0]                                     | rst_btn_IBUF     |               24 |            124 |         5.17 |
|  clk_IBUF_BUFG | u_aes_ctrl/aes_inst/keymem/key_mem[10][127]_i_1_n_0               | rst_btn_IBUF     |               50 |            128 |         2.56 |
|  clk_IBUF_BUFG | u_aes_ctrl/aes_inst/keymem/key_mem[14][127]_i_1_n_0               | rst_btn_IBUF     |               54 |            128 |         2.37 |
|  clk_IBUF_BUFG | u_aes_ctrl/aes_inst/keymem/key_mem                                | rst_btn_IBUF     |               45 |            128 |         2.84 |
|  clk_IBUF_BUFG | u_aes_ctrl/aes_inst/keymem/key_mem[6][127]_i_1_n_0                | rst_btn_IBUF     |               47 |            128 |         2.72 |
|  clk_IBUF_BUFG | u_aes_ctrl/aes_inst/keymem/key_mem[1][127]_i_1_n_0                | rst_btn_IBUF     |               46 |            128 |         2.78 |
|  clk_IBUF_BUFG | u_aes_ctrl/aes_inst/keymem/key_mem[13][127]_i_1_n_0               | rst_btn_IBUF     |               47 |            128 |         2.72 |
|  clk_IBUF_BUFG | u_aes_ctrl/aes_inst/keymem/key_mem[2][127]_i_1_n_0                | rst_btn_IBUF     |               43 |            128 |         2.98 |
|  clk_IBUF_BUFG | u_aes_ctrl/aes_inst/keymem/round_ctr_inc                          | rst_btn_IBUF     |               36 |            128 |         3.56 |
|  clk_IBUF_BUFG | u_aes_ctrl/aes_inst/keymem/key_mem[8][127]_i_1_n_0                | rst_btn_IBUF     |               47 |            128 |         2.72 |
|  clk_IBUF_BUFG | u_aes_ctrl/aes_inst/keymem/key_mem[7][127]_i_1_n_0                | rst_btn_IBUF     |               56 |            128 |         2.29 |
|  clk_IBUF_BUFG | u_aes_ctrl/aes_inst/keymem/key_mem[5][127]_i_1_n_0                | rst_btn_IBUF     |               48 |            128 |         2.67 |
|  clk_IBUF_BUFG | u_aes_ctrl/aes_inst/keymem/key_mem[3][127]_i_1_n_0                | rst_btn_IBUF     |               54 |            128 |         2.37 |
|  clk_IBUF_BUFG | u_aes_ctrl/aes_inst/keymem/key_mem[4][127]_i_1_n_0                | rst_btn_IBUF     |               47 |            128 |         2.72 |
|  clk_IBUF_BUFG | u_aes_ctrl/FSM_sequential_sys_state_reg[0]_3[0]                   | rst_btn_IBUF     |               20 |            128 |         6.40 |
|  clk_IBUF_BUFG | u_aes_ctrl/E[0]                                                   | rst_btn_IBUF     |               24 |            128 |         5.33 |
|  clk_IBUF_BUFG | u_aes_ctrl/aes_inst/keymem/key_mem[11][127]_i_1_n_0               | rst_btn_IBUF     |               48 |            128 |         2.67 |
|  clk_IBUF_BUFG | u_aes_ctrl/aes_inst/keymem/key_mem[12][127]_i_1_n_0               | rst_btn_IBUF     |               56 |            128 |         2.29 |
|  clk_IBUF_BUFG | u_pixel_buffer/block_valid_i_1_n_0                                | rst_btn_IBUF     |               27 |            128 |         4.74 |
|  clk_IBUF_BUFG | u_aes_ctrl/aes_inst/E[0]                                          | rst_btn_IBUF     |               36 |            128 |         3.56 |
|  clk_IBUF_BUFG | u_aes_ctrl/aes_inst/keymem/key_mem[9][127]_i_1_n_0                | rst_btn_IBUF     |               65 |            128 |         1.97 |
|  clk_IBUF_BUFG | u_aes_ctrl/mode_reg                                               | rst_btn_IBUF     |               43 |            129 |         3.00 |
|  clk_IBUF_BUFG | u_pixel_buffer/E[0]                                               | rst_btn_IBUF     |               22 |            129 |         5.86 |
+----------------+-------------------------------------------------------------------+------------------+------------------+----------------+--------------+


